<?xml version="1.0" encoding="UTF-8"?>
<!-- Generated by org.testng.reporters.JUnitReportReporter -->
<testsuite skipped="2" hostname="dm" name="com.w2a.testcases.DesignmateSignUpTest" tests="2" failures="0" timestamp="10 Dec 2019 04:39:23 GMT" time="0.003" errors="0">
  <testcase name="designmateSignUpTest" time="0.001" classname="com.w2a.testcases.DesignmateSignUpTest">
    <skipped/>
  </testcase> <!-- designmateSignUpTest -->
  <testcase name="designmateSignUpTest" time="0.002" classname="com.w2a.testcases.DesignmateSignUpTest">
    <skipped/>
  </testcase> <!-- designmateSignUpTest -->
</testsuite> <!-- com.w2a.testcases.DesignmateSignUpTest -->
