<?xml version="1.0" encoding="UTF-8"?>
<!-- Generated by org.testng.reporters.JUnitReportReporter -->
<testsuite skipped="0" hostname="dm" name="com.w2a.testcases.DesignmateLoginTest" tests="3" failures="0" timestamp="10 Dec 2019 04:39:23 GMT" time="12.317" errors="0">
  <testcase name="designmateLogintest" time="3.437" classname="com.w2a.testcases.DesignmateLoginTest"/>
  <testcase name="designmateLogintest" time="3.411" classname="com.w2a.testcases.DesignmateLoginTest"/>
  <testcase name="designmateLogintest" time="5.469" classname="com.w2a.testcases.DesignmateLoginTest"/>
</testsuite> <!-- com.w2a.testcases.DesignmateLoginTest -->
